yarn run v1.22.21
$ storybook build --output-dir C:\Users\roble\AppData\Local\Temp\chromatic--36272-5cBMyPp1M2lC
@storybook/cli v7.5.2

info => Cleaning outputDir: C:\Users\roble\AppData\Local\Temp\chromatic--36272-5cBMyPp1M2lC
info => Loading presets
info => Building manager..
info => Manager built (97 ms)
info => Building preview..
info => Copying static files: C:\Users\roble\WebstormProjects\StorybookReact\taskbox\node_modules\@storybook\manager\static at C:\Users\roble\AppData\Local\Temp\chromatic--36272-5cBMyPp1M2lC\sb-common-assets
[36mvite v4.5.0 [32mbuilding for production...[36m[39m

./sb-common-assets/fonts.css doesn't exist at build time, it will remain unchanged to be resolved at runtime
transforming...
info => Copying static files: C:\Users\roble\WebstormProjects\StorybookReact\taskbox\public at C:\Users\roble\AppData\Local\Temp\chromatic--36272-5cBMyPp1M2lC\
node_modules/telejson/dist/index.mjs (1413:15) Use of eval in "node_modules/telejson/dist/index.mjs" is strongly discouraged as it poses security risks and may cause issues with minification.
node_modules/telejson/dist/index.mjs (1416:18) Use of eval in "node_modules/telejson/dist/index.mjs" is strongly discouraged as it poses security risks and may cause issues with minification.
[32m✓[39m 1625 modules transformed.
rendering chunks...
computing gzip size...
[2m../../../AppData/Local/Temp/chromatic--36272-5cBMyPp1M2lC/[22m[32miframe.html                                    [39m[1m[2m 12.56 kB[22m[1m[22m[2m │ gzip:   3.55 kB[22m
[2m../../../AppData/Local/Temp/chromatic--36272-5cBMyPp1M2lC/[22m[32massets/percolate-dac75269.ttf                  [39m[1m[2m 34.04 kB[22m[1m[22m
[2m../../../AppData/Local/Temp/chromatic--36272-5cBMyPp1M2lC/[22m[32massets/percolate-ec979d96.woff                 [39m[1m[2m 34.11 kB[22m[1m[22m
[2m../../../AppData/Local/Temp/chromatic--36272-5cBMyPp1M2lC/[22m[32massets/percolate-5ed633c2.eot                  [39m[1m[2m 34.21 kB[22m[1m[22m
[2m../../../AppData/Local/Temp/chromatic--36272-5cBMyPp1M2lC/[22m[32massets/percolate-d13fa91b.svg                  [39m[1m[2m140.51 kB[22m[1m[22m[2m │ gzip:  47.50 kB[22m
[2m../../../AppData/Local/Temp/chromatic--36272-5cBMyPp1M2lC/[22m[35massets/preview-4f244d89.css                    [39m[1m[2m  6.87 kB[22m[1m[22m[2m │ gzip:   2.06 kB[22m
[2m../../../AppData/Local/Temp/chromatic--36272-5cBMyPp1M2lC/[22m[36massets/_commonjs-dynamic-modules-302442b1.js   [39m[1m[2m  0.30 kB[22m[1m[22m[2m │ gzip:   0.24 kB[22m[2m │ map:     0.12 kB[22m
[2m../../../AppData/Local/Temp/chromatic--36272-5cBMyPp1M2lC/[22m[36massets/WithTooltip-4HIR6TLV-ce3a1264.js        [39m[1m[2m  0.49 kB[22m[1m[22m[2m │ gzip:   0.30 kB[22m[2m │ map:     0.11 kB[22m
[2m../../../AppData/Local/Temp/chromatic--36272-5cBMyPp1M2lC/[22m[36massets/syntaxhighlighter-NMPM6SWI-3e189863.js  [39m[1m[2m  0.51 kB[22m[1m[22m[2m │ gzip:   0.33 kB[22m[2m │ map:     0.12 kB[22m
[2m../../../AppData/Local/Temp/chromatic--36272-5cBMyPp1M2lC/[22m[36massets/preview-74886d30.js                     [39m[1m[2m  0.56 kB[22m[1m[22m[2m │ gzip:   0.35 kB[22m[2m │ map:     0.54 kB[22m
[2m../../../AppData/Local/Temp/chromatic--36272-5cBMyPp1M2lC/[22m[36massets/index-3fd0d1ea.js                       [39m[1m[2m  0.62 kB[22m[1m[22m[2m │ gzip:   0.38 kB[22m[2m │ map:     4.28 kB[22m
[2m../../../AppData/Local/Temp/chromatic--36272-5cBMyPp1M2lC/[22m[36massets/preview-87eac49b.js                     [39m[1m[2m  0.68 kB[22m[1m[22m[2m │ gzip:   0.48 kB[22m[2m │ map:     3.90 kB[22m
[2m../../../AppData/Local/Temp/chromatic--36272-5cBMyPp1M2lC/[22m[36massets/_commonjsHelpers-de833af9.js            [39m[1m[2m  0.75 kB[22m[1m[22m[2m │ gzip:   0.43 kB[22m[2m │ map:     0.11 kB[22m
[2m../../../AppData/Local/Temp/chromatic--36272-5cBMyPp1M2lC/[22m[36massets/index-356e4a49.js                       [39m[1m[2m  0.81 kB[22m[1m[22m[2m │ gzip:   0.51 kB[22m[2m │ map:     3.26 kB[22m
[2m../../../AppData/Local/Temp/chromatic--36272-5cBMyPp1M2lC/[22m[36massets/index-8d47fad6.js                       [39m[1m[2m  0.84 kB[22m[1m[22m[2m │ gzip:   0.55 kB[22m[2m │ map:     4.09 kB[22m
[2m../../../AppData/Local/Temp/chromatic--36272-5cBMyPp1M2lC/[22m[36massets/preview-b3c37142.js                     [39m[1m[2m  0.90 kB[22m[1m[22m[2m │ gzip:   0.59 kB[22m[2m │ map:     2.97 kB[22m
[2m../../../AppData/Local/Temp/chromatic--36272-5cBMyPp1M2lC/[22m[36massets/preview-06a5d182.js                     [39m[1m[2m  1.06 kB[22m[1m[22m[2m │ gzip:   0.69 kB[22m[2m │ map:     3.27 kB[22m
[2m../../../AppData/Local/Temp/chromatic--36272-5cBMyPp1M2lC/[22m[36massets/preview-bed967c6.js                     [39m[1m[2m  2.38 kB[22m[1m[22m[2m │ gzip:   1.24 kB[22m[2m │ map:    11.12 kB[22m
[2m../../../AppData/Local/Temp/chromatic--36272-5cBMyPp1M2lC/[22m[36massets/index-d37d4223.js                       [39m[1m[2m  2.63 kB[22m[1m[22m[2m │ gzip:   1.30 kB[22m[2m │ map:     7.48 kB[22m
[2m../../../AppData/Local/Temp/chromatic--36272-5cBMyPp1M2lC/[22m[36massets/preview-108c1c3c.js                     [39m[1m[2m  3.26 kB[22m[1m[22m[2m │ gzip:   1.41 kB[22m[2m │ map:    10.27 kB[22m
[2m../../../AppData/Local/Temp/chromatic--36272-5cBMyPp1M2lC/[22m[36massets/Task.stories-468792f0.js                [39m[1m[2m  3.71 kB[22m[1m[22m[2m │ gzip:   1.58 kB[22m[2m │ map:     5.96 kB[22m
[2m../../../AppData/Local/Temp/chromatic--36272-5cBMyPp1M2lC/[22m[36massets/iframe-9d2bd053.js                      [39m[1m[2m  4.53 kB[22m[1m[22m[2m │ gzip:   1.66 kB[22m[2m │ map:     5.48 kB[22m
[2m../../../AppData/Local/Temp/chromatic--36272-5cBMyPp1M2lC/[22m[36massets/index-76fb7be0.js                       [39m[1m[2m  7.21 kB[22m[1m[22m[2m │ gzip:   2.95 kB[22m[2m │ map:    15.71 kB[22m
[2m../../../AppData/Local/Temp/chromatic--36272-5cBMyPp1M2lC/[22m[36massets/preview-b8d6c68d.js                     [39m[1m[2m  7.67 kB[22m[1m[22m[2m │ gzip:   1.59 kB[22m[2m │ map:    14.22 kB[22m
[2m../../../AppData/Local/Temp/chromatic--36272-5cBMyPp1M2lC/[22m[36massets/preview-2059b184.js                     [39m[1m[2m  8.32 kB[22m[1m[22m[2m │ gzip:   3.20 kB[22m[2m │ map:    29.42 kB[22m
[2m../../../AppData/Local/Temp/chromatic--36272-5cBMyPp1M2lC/[22m[36massets/index-da07a199.js                       [39m[1m[2m 13.66 kB[22m[1m[22m[2m │ gzip:   5.12 kB[22m[2m │ map:    53.11 kB[22m
[2m../../../AppData/Local/Temp/chromatic--36272-5cBMyPp1M2lC/[22m[36massets/Color-6VNJS4EI-bcfb2eda.js              [39m[1m[2m 17.68 kB[22m[1m[22m[2m │ gzip:   6.78 kB[22m[2m │ map:    59.62 kB[22m
[2m../../../AppData/Local/Temp/chromatic--36272-5cBMyPp1M2lC/[22m[36massets/preview-6751e51d.js                     [39m[1m[2m 21.12 kB[22m[1m[22m[2m │ gzip:   7.00 kB[22m[2m │ map:    68.39 kB[22m
[2m../../../AppData/Local/Temp/chromatic--36272-5cBMyPp1M2lC/[22m[36massets/preview-25c7684b.js                     [39m[1m[2m 34.24 kB[22m[1m[22m[2m │ gzip:  13.39 kB[22m[2m │ map:   127.53 kB[22m
[2m../../../AppData/Local/Temp/chromatic--36272-5cBMyPp1M2lC/[22m[36massets/TaskList.stories-ff84e50b.js            [39m[1m[2m 40.38 kB[22m[1m[22m[2m │ gzip:  13.96 kB[22m[2m │ map:   239.87 kB[22m
[2m../../../AppData/Local/Temp/chromatic--36272-5cBMyPp1M2lC/[22m[36massets/_getPrototype-e1e43787.js               [39m[1m[2m 79.01 kB[22m[1m[22m[2m │ gzip:  23.72 kB[22m[2m │ map:   326.47 kB[22m
[2m../../../AppData/Local/Temp/chromatic--36272-5cBMyPp1M2lC/[22m[36massets/index-d3ea75b5.js                       [39m[1m[2m134.11 kB[22m[1m[22m[2m │ gzip:  43.23 kB[22m[2m │ map:   328.84 kB[22m
[2m../../../AppData/Local/Temp/chromatic--36272-5cBMyPp1M2lC/[22m[36massets/config-e12572bb.js                      [39m[1m[2m213.48 kB[22m[1m[22m[2m │ gzip:  66.39 kB[22m[2m │ map:   803.27 kB[22m
[2m../../../AppData/Local/Temp/chromatic--36272-5cBMyPp1M2lC/[22m[36massets/InboxScreen.stories-90ccbdde.js         [39m[1m[2m294.90 kB[22m[1m[22m[2m │ gzip:  72.54 kB[22m[2m │ map: 1,098.45 kB[22m
[2m../../../AppData/Local/Temp/chromatic--36272-5cBMyPp1M2lC/[22m[36massets/index-77955f96.js                       [39m[1m[2m372.18 kB[22m[1m[22m[2m │ gzip: 113.95 kB[22m[2m │ map: 1,559.90 kB[22m
[2m../../../AppData/Local/Temp/chromatic--36272-5cBMyPp1M2lC/[22m[36massets/DocsRenderer-NNNQARDV-0231e4a3.js       [39m[1m[33m534.99 kB[39m[22m[2m │ gzip: 174.76 kB[22m[2m │ map: 1,550.72 kB[22m
[2m../../../AppData/Local/Temp/chromatic--36272-5cBMyPp1M2lC/[22m[36massets/axe-ace75cbe.js                         [39m[1m[33m554.63 kB[39m[22m[2m │ gzip: 151.94 kB[22m[2m │ map: 1,993.94 kB[22m
[2m../../../AppData/Local/Temp/chromatic--36272-5cBMyPp1M2lC/[22m[36massets/formatter-SWP5E3XI-1ae138d3.js          [39m[1m[33m601.69 kB[39m[22m[2m │ gzip: 185.06 kB[22m[2m │ map: 1,318.59 kB[22m
[33m
(!) Some chunks are larger than 500 kBs after minification. Consider:
- Using dynamic import() to code-split the application
- Use build.rollupOptions.output.manualChunks to improve chunking: https://rollupjs.org/configuration-options/#output-manualchunks
- Adjust chunk size limit for this warning via build.chunkSizeWarningLimit.[39m
[32m✓ built in 8.29s[39m
info => Preview built (8.68 s)
info => Output directory: C:\Users\roble\AppData\Local\Temp\chromatic--36272-5cBMyPp1M2lC
Done in 11.43s.
